<?xml version="1.0" encoding="UTF-8" ?>
<testsuite tests="1" failures="0" name="br.com.herick.curso_jsf_e_primefaces_essencial.AppTest" time="0.007" errors="0" skipped="0">
  <properties>
    <property name="java.runtime.name" value="OpenJDK Runtime Environment"/>
    <property name="sun.boot.library.path" value="C:\Program Files\Zulu\zulu8.78.0.19-ca-jdk8.0.412-win_x64\jre\bin"/>
    <property name="java.vm.version" value="25.412-b08"/>
    <property name="jdk.vendor.version" value="Zulu 8.78.0.19-CA-win64"/>
    <property name="java.vm.vendor" value="Azul Systems, Inc."/>
    <property name="maven.multiModuleProjectDirectory" value="C:\Users\herick\eclipse-workspace\curso-jsf-e-primefaces-essencial"/>
    <property name="java.vendor.url" value="http://www.azul.com/"/>
    <property name="path.separator" value=";"/>
    <property name="guice.disable.misplaced.annotation.check" value="true"/>
    <property name="java.vm.name" value="OpenJDK 64-Bit Server VM"/>
    <property name="file.encoding.pkg" value="sun.io"/>
    <property name="user.script" value=""/>
    <property name="user.country" value="BR"/>
    <property name="sun.java.launcher" value="SUN_STANDARD"/>
    <property name="sun.os.patch.level" value=""/>
    <property name="java.vm.specification.name" value="Java Virtual Machine Specification"/>
    <property name="user.dir" value="C:\Users\herick\eclipse-workspace\curso-jsf-e-primefaces-essencial"/>
    <property name="java.runtime.version" value="1.8.0_412-b08"/>
    <property name="java.awt.graphicsenv" value="sun.awt.Win32GraphicsEnvironment"/>
    <property name="java.endorsed.dirs" value="C:\Program Files\Zulu\zulu8.78.0.19-ca-jdk8.0.412-win_x64\jre\lib\endorsed"/>
    <property name="os.arch" value="amd64"/>
    <property name="java.io.tmpdir" value="C:\Users\herick\AppData\Local\Temp\"/>
    <property name="line.separator" value="
"/>
    <property name="java.vm.specification.vendor" value="Oracle Corporation"/>
    <property name="user.variant" value=""/>
    <property name="os.name" value="Windows 10"/>
    <property name="classworlds.conf" value="C:\Users\herick\eclipse-workspace\.metadata\.plugins\org.eclipse.m2e.launching\launches\m2conf8891732136264150939.tmp"/>
    <property name="sun.jnu.encoding" value="Cp1252"/>
    <property name="java.library.path" value="C:\Program Files\Zulu\zulu8.78.0.19-ca-jdk8.0.412-win_x64\bin;C:\WINDOWS\Sun\Java\bin;C:\WINDOWS\system32;C:\WINDOWS;C:/Program Files/Zulu/zulu8.78.0.19-ca-jdk8.0.412-win_x64/bin/../jre/bin/server;C:/Program Files/Zulu/zulu8.78.0.19-ca-jdk8.0.412-win_x64/bin/../jre/bin;C:/Program Files/Zulu/zulu8.78.0.19-ca-jdk8.0.412-win_x64/bin/../jre/lib/amd64;H:\oracle\app\herick\product\11.2.0\client_1\bin;C:\WINDOWS\system32;C:\WINDOWS;C:\WINDOWS\System32\Wbem;C:\WINDOWS\System32\WindowsPowerShell\v1.0\;C:\WINDOWS\System32\OpenSSH\;C:\Program Files\Zulu\zulu8.78.0.19-ca-jdk8.0.412-win_x64\bin;C:\Program Files\Git\cmd;C:\Servers\apache-maven-3.9.8\bin;C:\Users\herick\AppData\Local\Microsoft\WindowsApps;D:\Microsoft VS Code\bin;C:\Users\herick\AppData\Local\GitHubDesktop\bin;;C:\Users\herick\Desktop\eclipse;;."/>
    <property name="java.specification.name" value="Java Platform API Specification"/>
    <property name="java.class.version" value="52.0"/>
    <property name="sun.management.compiler" value="HotSpot 64-Bit Tiered Compilers"/>
    <property name="os.version" value="10.0"/>
    <property name="user.home" value="C:\Users\herick"/>
    <property name="user.timezone" value="America/Sao_Paulo"/>
    <property name="java.awt.printerjob" value="sun.awt.windows.WPrinterJob"/>
    <property name="java.specification.version" value="1.8"/>
    <property name="file.encoding" value="UTF-8"/>
    <property name="user.name" value="herick"/>
    <property name="java.class.path" value="C:\Users\herick\Desktop\eclipse\plugins\org.eclipse.m2e.maven.runtime_1.10.0.20181127-2120\jars\plexus-classworlds-2.5.2.jar"/>
    <property name="java.vm.specification.version" value="1.8"/>
    <property name="sun.arch.data.model" value="64"/>
    <property name="java.home" value="C:\Program Files\Zulu\zulu8.78.0.19-ca-jdk8.0.412-win_x64\jre"/>
    <property name="sun.java.command" value="org.codehaus.plexus.classworlds.launcher.Launcher -B install"/>
    <property name="java.specification.vendor" value="Oracle Corporation"/>
    <property name="user.language" value="pt"/>
    <property name="awt.toolkit" value="sun.awt.windows.WToolkit"/>
    <property name="java.vm.info" value="mixed mode"/>
    <property name="java.version" value="1.8.0_412"/>
    <property name="java.ext.dirs" value="C:\Program Files\Zulu\zulu8.78.0.19-ca-jdk8.0.412-win_x64\jre\lib\ext;C:\WINDOWS\Sun\Java\lib\ext"/>
    <property name="sun.boot.class.path" value="C:\Program Files\Zulu\zulu8.78.0.19-ca-jdk8.0.412-win_x64\jre\lib\resources.jar;C:\Program Files\Zulu\zulu8.78.0.19-ca-jdk8.0.412-win_x64\jre\lib\rt.jar;C:\Program Files\Zulu\zulu8.78.0.19-ca-jdk8.0.412-win_x64\jre\lib\sunrsasign.jar;C:\Program Files\Zulu\zulu8.78.0.19-ca-jdk8.0.412-win_x64\jre\lib\jsse.jar;C:\Program Files\Zulu\zulu8.78.0.19-ca-jdk8.0.412-win_x64\jre\lib\jce.jar;C:\Program Files\Zulu\zulu8.78.0.19-ca-jdk8.0.412-win_x64\jre\lib\charsets.jar;C:\Program Files\Zulu\zulu8.78.0.19-ca-jdk8.0.412-win_x64\jre\lib\jfr.jar;C:\Program Files\Zulu\zulu8.78.0.19-ca-jdk8.0.412-win_x64\jre\lib\cat.jar;C:\Program Files\Zulu\zulu8.78.0.19-ca-jdk8.0.412-win_x64\jre\classes"/>
    <property name="java.vendor" value="Azul Systems, Inc."/>
    <property name="java.specification.maintenance.version" value="5"/>
    <property name="maven.home" value="C:\Users\herick\eclipse-workspace\curso-jsf-e-primefaces-essencial\EMBEDDED"/>
    <property name="file.separator" value="\"/>
    <property name="java.vendor.url.bug" value="http://www.azul.com/support/"/>
    <property name="sun.cpu.endian" value="little"/>
    <property name="sun.io.unicode.encoding" value="UnicodeLittle"/>
    <property name="sun.desktop" value="windows"/>
    <property name="sun.cpu.isalist" value="amd64"/>
  </properties>
  <testcase classname="br.com.herick.curso_jsf_e_primefaces_essencial.AppTest" name="testApp" time="0.007"/>
</testsuite>